<?xml version="1.0" encoding="UTF-8"?>
<!-- Generated by org.testng.reporters.JUnitXMLReporter -->
<testsuite hostname="EPHUBUDW0570" name="Default test" tests="9" failures="0" timestamp="8 Aug 2016 13:57:01 GMT" time="0.172" errors="0">
  <testcase name="testIfAdvantageWrittenCorretly" time="0.0" classname="tennis.scoring.GameTest"/>
  <testcase name="testIfDeuceWrittenCorretly" time="0.0" classname="tennis.scoring.GameTest"/>
  <testcase name="testIfFortyFifteenWrittenCorretly" time="0.0" classname="tennis.scoring.GameTest"/>
  <testcase name="testIfScoreCanBeIncreased" time="0.0" classname="tennis.scoring.GameTest"/>
  <testcase name="testInitialScores" time="0.0" classname="tennis.scoring.GameTest"/>
  <testcase name="testThatFifteenWrittenToPlayerTwo" time="0.016" classname="tennis.scoring.GameTest"/>
  <testcase name="testThatInitialStateIsCalledLove" time="0.0" classname="tennis.scoring.GameTest"/>
  <testcase name="testThatPlayerHasToEarnFourScoresToWin" time="0.0" classname="tennis.scoring.GameTest"/>
  <testcase name="testThatPlayerHasToEarnTwoScoresInARowToWin" time="0.0" classname="tennis.scoring.GameTest"/>
</testsuite> <!-- Default test -->
