<?xml version="1.0" encoding="UTF-8"?>
<testng-results skipped="0" failed="0" total="0" passed="0">
  <reporter-output>
  </reporter-output>
  <suite name="tennis.scoring.GameScoringTest" duration-ms="1" started-at="2016-08-04T11:36:10Z" finished-at="2016-08-04T11:36:10Z">
    <groups>
    </groups>
    <test name="Command line test" duration-ms="1" started-at="2016-08-04T11:36:10Z" finished-at="2016-08-04T11:36:10Z">
    </test> <!-- Command line test -->
  </suite> <!-- tennis.scoring.GameScoringTest -->
</testng-results>
