<?xml version="1.0" encoding="UTF-8"?>
<testng-results skipped="0" failed="0" total="9" passed="9">
  <reporter-output>
  </reporter-output>
  <suite name="Default suite" duration-ms="172" started-at="2016-08-08T13:57:00Z" finished-at="2016-08-08T13:57:01Z">
    <groups>
    </groups>
    <test name="Default test" duration-ms="172" started-at="2016-08-08T13:57:00Z" finished-at="2016-08-08T13:57:01Z">
      <class name="tennis.scoring.GameTest">
        <test-method status="PASS" signature="init()[pri:0, instance:tennis.scoring.GameTest@32e6e9c3]" name="init" is-config="true" duration-ms="109" started-at="2016-08-08T15:57:01Z" finished-at="2016-08-08T15:57:01Z">
          <reporter-output>
          </reporter-output>
        </test-method> <!-- init -->
        <test-method status="PASS" signature="init()[pri:0, instance:tennis.scoring.GameTest@32e6e9c3]" name="init" is-config="true" duration-ms="0" started-at="2016-08-08T15:57:01Z" finished-at="2016-08-08T15:57:01Z">
          <reporter-output>
          </reporter-output>
        </test-method> <!-- init -->
        <test-method status="PASS" signature="testIfAdvantageWrittenCorretly()[pri:0, instance:tennis.scoring.GameTest@32e6e9c3]" name="testIfAdvantageWrittenCorretly" duration-ms="0" started-at="2016-08-08T15:57:01Z" finished-at="2016-08-08T15:57:01Z">
          <reporter-output>
          </reporter-output>
        </test-method> <!-- testIfAdvantageWrittenCorretly -->
        <test-method status="PASS" signature="testIfDeuceWrittenCorretly()[pri:0, instance:tennis.scoring.GameTest@32e6e9c3]" name="testIfDeuceWrittenCorretly" duration-ms="0" started-at="2016-08-08T15:57:01Z" finished-at="2016-08-08T15:57:01Z">
          <reporter-output>
          </reporter-output>
        </test-method> <!-- testIfDeuceWrittenCorretly -->
        <test-method status="PASS" signature="testIfScoreCanBeIncreased()[pri:0, instance:tennis.scoring.GameTest@32e6e9c3]" name="testIfScoreCanBeIncreased" duration-ms="0" started-at="2016-08-08T15:57:01Z" finished-at="2016-08-08T15:57:01Z">
          <reporter-output>
          </reporter-output>
        </test-method> <!-- testIfScoreCanBeIncreased -->
        <test-method status="PASS" signature="testIfFortyFifteenWrittenCorretly()[pri:0, instance:tennis.scoring.GameTest@32e6e9c3]" name="testIfFortyFifteenWrittenCorretly" duration-ms="0" started-at="2016-08-08T15:57:01Z" finished-at="2016-08-08T15:57:01Z">
          <reporter-output>
          </reporter-output>
        </test-method> <!-- testIfFortyFifteenWrittenCorretly -->
        <test-method status="PASS" signature="init()[pri:0, instance:tennis.scoring.GameTest@32e6e9c3]" name="init" is-config="true" duration-ms="0" started-at="2016-08-08T15:57:01Z" finished-at="2016-08-08T15:57:01Z">
          <reporter-output>
          </reporter-output>
        </test-method> <!-- init -->
        <test-method status="PASS" signature="init()[pri:0, instance:tennis.scoring.GameTest@32e6e9c3]" name="init" is-config="true" duration-ms="0" started-at="2016-08-08T15:57:01Z" finished-at="2016-08-08T15:57:01Z">
          <reporter-output>
          </reporter-output>
        </test-method> <!-- init -->
        <test-method status="PASS" signature="testThatFifteenWrittenToPlayerTwo()[pri:0, instance:tennis.scoring.GameTest@32e6e9c3]" name="testThatFifteenWrittenToPlayerTwo" duration-ms="16" started-at="2016-08-08T15:57:01Z" finished-at="2016-08-08T15:57:01Z">
          <reporter-output>
          </reporter-output>
        </test-method> <!-- testThatFifteenWrittenToPlayerTwo -->
        <test-method status="PASS" signature="testInitialScores()[pri:0, instance:tennis.scoring.GameTest@32e6e9c3]" name="testInitialScores" duration-ms="0" started-at="2016-08-08T15:57:01Z" finished-at="2016-08-08T15:57:01Z">
          <reporter-output>
          </reporter-output>
        </test-method> <!-- testInitialScores -->
        <test-method status="PASS" signature="init()[pri:0, instance:tennis.scoring.GameTest@32e6e9c3]" name="init" is-config="true" duration-ms="0" started-at="2016-08-08T15:57:01Z" finished-at="2016-08-08T15:57:01Z">
          <reporter-output>
          </reporter-output>
        </test-method> <!-- init -->
        <test-method status="PASS" signature="init()[pri:0, instance:tennis.scoring.GameTest@32e6e9c3]" name="init" is-config="true" duration-ms="0" started-at="2016-08-08T15:57:01Z" finished-at="2016-08-08T15:57:01Z">
          <reporter-output>
          </reporter-output>
        </test-method> <!-- init -->
        <test-method status="PASS" signature="testThatPlayerHasToEarnTwoScoresInARowToWin()[pri:0, instance:tennis.scoring.GameTest@32e6e9c3]" name="testThatPlayerHasToEarnTwoScoresInARowToWin" duration-ms="0" started-at="2016-08-08T15:57:01Z" finished-at="2016-08-08T15:57:01Z">
          <reporter-output>
          </reporter-output>
        </test-method> <!-- testThatPlayerHasToEarnTwoScoresInARowToWin -->
        <test-method status="PASS" signature="init()[pri:0, instance:tennis.scoring.GameTest@32e6e9c3]" name="init" is-config="true" duration-ms="0" started-at="2016-08-08T15:57:01Z" finished-at="2016-08-08T15:57:01Z">
          <reporter-output>
          </reporter-output>
        </test-method> <!-- init -->
        <test-method status="PASS" signature="testThatInitialStateIsCalledLove()[pri:0, instance:tennis.scoring.GameTest@32e6e9c3]" name="testThatInitialStateIsCalledLove" duration-ms="0" started-at="2016-08-08T15:57:01Z" finished-at="2016-08-08T15:57:01Z">
          <reporter-output>
          </reporter-output>
        </test-method> <!-- testThatInitialStateIsCalledLove -->
        <test-method status="PASS" signature="init()[pri:0, instance:tennis.scoring.GameTest@32e6e9c3]" name="init" is-config="true" duration-ms="0" started-at="2016-08-08T15:57:01Z" finished-at="2016-08-08T15:57:01Z">
          <reporter-output>
          </reporter-output>
        </test-method> <!-- init -->
        <test-method status="PASS" signature="testThatPlayerHasToEarnFourScoresToWin()[pri:0, instance:tennis.scoring.GameTest@32e6e9c3]" name="testThatPlayerHasToEarnFourScoresToWin" duration-ms="0" started-at="2016-08-08T15:57:01Z" finished-at="2016-08-08T15:57:01Z">
          <reporter-output>
          </reporter-output>
        </test-method> <!-- testThatPlayerHasToEarnFourScoresToWin -->
        <test-method status="PASS" signature="init()[pri:0, instance:tennis.scoring.GameTest@32e6e9c3]" name="init" is-config="true" duration-ms="0" started-at="2016-08-08T15:57:01Z" finished-at="2016-08-08T15:57:01Z">
          <reporter-output>
          </reporter-output>
        </test-method> <!-- init -->
      </class> <!-- tennis.scoring.GameTest -->
    </test> <!-- Default test -->
  </suite> <!-- Default suite -->
</testng-results>
